#
# There is insufficient memory for the Java Runtime Environment to continue.
# Native memory allocation (malloc) failed to allocate 1397376 bytes for Chunk::new
# Possible reasons:
#   The system is out of physical RAM or swap space
#   The process is running with CompressedOops enabled, and the Java Heap may be blocking the growth of the native heap
# Possible solutions:
#   Reduce memory load on the system
#   Increase physical memory or swap space
#   Check if swap backing store is full
#   Decrease Java heap size (-Xmx/-Xms)
#   Decrease number of Java threads
#   Decrease Java thread stack sizes (-Xss)
#   Set larger code cache with -XX:ReservedCodeCacheSize=
#   JVM is running with Unscaled Compressed Oops mode in which the Java heap is
#     placed in the first 4GB address space. The Java Heap base address is the
#     maximum limit for the native heap growth. Please use -XX:HeapBaseMinAddress
#     to set the Java Heap base and to place the Java Heap above 4GB virtual address.
# This output file may be truncated or incomplete.
#
#  Out of Memory Error (./open/src/hotspot/share/memory/arena.cpp:197), pid=72664, tid=73376
#
# JRE version: Java(TM) SE Runtime Environment 18.9 (11.0.16.1+1) (build 11.0.16.1+1-LTS-1)
# Java VM: Java HotSpot(TM) 64-Bit Server VM 18.9 (11.0.16.1+1-LTS-1, mixed mode, tiered, compressed oops, g1 gc, windows-amd64)
# No core dump will be written. Minidumps are not enabled by default on client versions of Windows
#

---------------  S U M M A R Y ------------

Command Line: -ea -Didea.test.cyclic.buffer.size=1048576 -javaagent:C:\Program Files\JetBrains\IntelliJ IDEA Community Edition 2022.2.3\lib\idea_rt.jar=52988:C:\Program Files\JetBrains\IntelliJ IDEA Community Edition 2022.2.3\bin -Dfile.encoding=UTF-8 com.intellij.rt.testng.RemoteTestNGStarter -usedefaultlisteners false -socket52987 @w@C:\Users\MYASUS~1\AppData\Local\Temp\idea_working_dirs_testng4.tmp -temp C:\Users\MYASUS~1\AppData\Local\Temp\idea_testng8.tmp

Host: AMD Ryzen 5 4500U with Radeon Graphics         , 6 cores, 7G,  Windows 10 , 64 bit Build 19041 (10.0.19041.2364)
Time: Sat Jan 14 20:00:18 2023 Paris, Madrid elapsed time: 47.065199 seconds (0d 0h 0m 47s)

---------------  T H R E A D  ---------------

Current thread (0x000001ab9c7fb000):  JavaThread "C2 CompilerThread1" daemon [_thread_in_native, id=73376, stack(0x0000005682300000,0x0000005682400000)]


Current CompileTask:
C2:  47065 7371   !   4       jdk.internal.loader.BuiltinClassLoader::findClassOnClassPathOrNull (64 bytes)

Stack: [0x0000005682300000,0x0000005682400000]
Native frames: (J=compiled Java code, j=interpreted, Vv=VM code, C=native code)
V  [jvm.dll+0x62a3da]
V  [jvm.dll+0x76407f]
V  [jvm.dll+0x765729]
V  [jvm.dll+0x765db3]
V  [jvm.dll+0x23dc18]
V  [jvm.dll+0xb2a1c]
V  [jvm.dll+0xb2fdc]
V  [jvm.dll+0x2ae994]
V  [jvm.dll+0x53d98b]
V  [jvm.dll+0x200a07]
V  [jvm.dll+0x1fa79a]
V  [jvm.dll+0x1f774d]
V  [jvm.dll+0x177c81]
V  [jvm.dll+0x207186]
V  [jvm.dll+0x20531b]
V  [jvm.dll+0x729f60]
V  [jvm.dll+0x722b34]
V  [jvm.dll+0x629276]
C  [ucrtbase.dll+0x21bb2]
C  [KERNEL32.DLL+0x17614]
C  [ntdll.dll+0x526a1]


---------------  P R O C E S S  ---------------

Threads class SMR info:
_java_thread_list=0x000001ab9a842b30, length=32, elements={
0x000001abfaac9800, 0x000001abffb86800, 0x000001abffb88000, 0x000001ab98e12800,
0x000001abffb9f800, 0x000001abffba0800, 0x000001abffba4000, 0x000001abffbad800,
0x000001abffbae800, 0x000001abffb1f000, 0x000001ab991a7000, 0x000001ab99cad000,
0x000001ab9a674000, 0x000001ab9a5ca000, 0x000001ab9a592800, 0x000001ab9a593800,
0x000001ab9a595000, 0x000001ab9f0bc800, 0x000001ab9f0bb000, 0x000001ab9f0bb800,
0x000001ab9f0c4000, 0x000001ab9f0bf800, 0x000001ab9f0c0800, 0x000001ab9f0ba000,
0x000001ab9f0c1800, 0x000001ab9f0c4800, 0x000001ab9f0b9000, 0x000001ab9f0bd800,
0x000001ab9f0b8800, 0x000001ab9f0be000, 0x000001ab9f0bf000, 0x000001ab9c7fb000
}

Java Threads: ( => current thread )
  0x000001abfaac9800 JavaThread "Forwarding clickElement on session 8b959eefe2ce28cbf8b0e8c838fea4f1 to remote" [_thread_blocked, id=71524, stack(0x00000056ff800000,0x00000056ff900000)]
  0x000001abffb86800 JavaThread "Reference Handler" daemon [_thread_blocked, id=74768, stack(0x00000056fff00000,0x0000005700000000)]
  0x000001abffb88000 JavaThread "Finalizer" daemon [_thread_blocked, id=77636, stack(0x0000005680000000,0x0000005680100000)]
  0x000001ab98e12800 JavaThread "Signal Dispatcher" daemon [_thread_blocked, id=63872, stack(0x0000005680100000,0x0000005680200000)]
  0x000001abffb9f800 JavaThread "Attach Listener" daemon [_thread_blocked, id=22508, stack(0x0000005680200000,0x0000005680300000)]
  0x000001abffba0800 JavaThread "Service Thread" daemon [_thread_blocked, id=77348, stack(0x0000005680300000,0x0000005680400000)]
  0x000001abffba4000 JavaThread "C2 CompilerThread0" daemon [_thread_in_native, id=37520, stack(0x0000005680400000,0x0000005680500000)]
  0x000001abffbad800 JavaThread "C1 CompilerThread0" daemon [_thread_blocked, id=12924, stack(0x0000005680500000,0x0000005680600000)]
  0x000001abffbae800 JavaThread "Sweeper thread" daemon [_thread_blocked, id=26592, stack(0x0000005680600000,0x0000005680700000)]
  0x000001abffb1f000 JavaThread "Common-Cleaner" daemon [_thread_blocked, id=15320, stack(0x0000005680700000,0x0000005680800000)]
  0x000001ab991a7000 JavaThread "Monitor Ctrl-Break" daemon [_thread_in_native, id=79628, stack(0x0000005680900000,0x0000005680a00000)]
  0x000001ab99cad000 JavaThread "ForkJoinPool.commonPool-worker-3" daemon [_thread_blocked, id=25460, stack(0x0000005680800000,0x0000005680900000)]
  0x000001ab9a674000 JavaThread "AsyncHttpClient-1-1" daemon [_thread_in_vm, id=64552, stack(0x0000005680d00000,0x0000005680e00000)]
  0x000001ab9a5ca000 JavaThread "UrlChecker-2" daemon [_thread_blocked, id=79200, stack(0x0000005681200000,0x0000005681300000)]
  0x000001ab9a592800 JavaThread "AsyncHttpClient-1-2" daemon [_thread_in_native, id=76448, stack(0x0000005681700000,0x0000005681800000)]
  0x000001ab9a593800 JavaThread "AsyncHttpClient-1-3" daemon [_thread_in_native, id=69840, stack(0x0000005681600000,0x0000005681700000)]
  0x000001ab9a595000 JavaThread "AsyncHttpClient-1-4" daemon [_thread_in_native, id=78064, stack(0x0000005681800000,0x0000005681900000)]
  0x000001ab9f0bc800 JavaThread "AsyncHttpClient-1-5" daemon [_thread_in_native, id=76292, stack(0x0000005681500000,0x0000005681600000)]
  0x000001ab9f0bb000 JavaThread "AsyncHttpClient-1-6" daemon [_thread_in_native, id=74496, stack(0x0000005681900000,0x0000005681a00000)]
  0x000001ab9f0bb800 JavaThread "AsyncHttpClient-1-7" daemon [_thread_in_native, id=79036, stack(0x0000005681b00000,0x0000005681c00000)]
  0x000001ab9f0c4000 JavaThread "AsyncHttpClient-1-8" daemon [_thread_in_native, id=8040, stack(0x0000005681c00000,0x0000005681d00000)]
  0x000001ab9f0bf800 JavaThread "AsyncHttpClient-1-9" daemon [_thread_in_native, id=75300, stack(0x0000005681a00000,0x0000005681b00000)]
  0x000001ab9f0c0800 JavaThread "AsyncHttpClient-1-10" daemon [_thread_in_native, id=78352, stack(0x0000005681d00000,0x0000005681e00000)]
  0x000001ab9f0ba000 JavaThread "AsyncHttpClient-1-11" daemon [_thread_in_native, id=74248, stack(0x0000005682000000,0x0000005682100000)]
  0x000001ab9f0c1800 JavaThread "AsyncHttpClient-1-12" daemon [_thread_in_native, id=65776, stack(0x0000005682100000,0x0000005682200000)]
  0x000001ab9f0c4800 JavaThread "AsyncHttpClient-1-13" daemon [_thread_in_native, id=62904, stack(0x0000005682200000,0x0000005682300000)]
  0x000001ab9f0b9000 JavaThread "Exec Default Executor" daemon [_thread_in_native, id=76076, stack(0x0000005680e00000,0x0000005680f00000)]
  0x000001ab9f0bd800 JavaThread "Driver Service Executor" daemon [_thread_blocked, id=51856, stack(0x0000005680f00000,0x0000005681000000)]
  0x000001ab9f0b8800 JavaThread "Driver Service Executor" daemon [_thread_blocked, id=79848, stack(0x0000005681000000,0x0000005681100000)]
  0x000001ab9f0be000 JavaThread "Exec Stream Pumper" daemon [_thread_in_native, id=13096, stack(0x0000005681100000,0x0000005681200000)]
  0x000001ab9f0bf000 JavaThread "Exec Stream Pumper" daemon [_thread_in_native, id=68976, stack(0x0000005681300000,0x0000005681400000)]
=>0x000001ab9c7fb000 JavaThread "C2 CompilerThread1" daemon [_thread_in_native, id=73376, stack(0x0000005682300000,0x0000005682400000)]

Other Threads:
  0x000001abffb64800 VMThread "VM Thread" [stack: 0x00000056ffe00000,0x00000056fff00000] [id=78332]
  0x000001ab991a8000 WatcherThread [stack: 0x0000005680a00000,0x0000005680b00000] [id=74552]
  0x000001abfaadd800 GCTaskThread "GC Thread#0" [stack: 0x00000056ff900000,0x00000056ffa00000] [id=79284]
  0x000001ab99d1f800 GCTaskThread "GC Thread#1" [stack: 0x0000005680b00000,0x0000005680c00000] [id=24916]
  0x000001abfab0d000 ConcurrentGCThread "G1 Main Marker" [stack: 0x00000056ffa00000,0x00000056ffb00000] [id=70876]
  0x000001abfab0e800 ConcurrentGCThread "G1 Conc#0" [stack: 0x00000056ffb00000,0x00000056ffc00000] [id=79120]
  0x000001ab9a164800 ConcurrentGCThread "G1 Conc#1" [stack: 0x0000005680c00000,0x0000005680d00000] [id=60736]
  0x000001abfab96800 ConcurrentGCThread "G1 Refine#0" [stack: 0x00000056ffc00000,0x00000056ffd00000] [id=71144]
  0x000001abfab97800 ConcurrentGCThread "G1 Young RemSet Sampling" [stack: 0x00000056ffd00000,0x00000056ffe00000] [id=8492]

Threads with active compile tasks:
C2 CompilerThread0    47108 7376   !   4       com.sun.org.apache.xerces.internal.parsers.XML11Configuration::<init> (1318 bytes)
C2 CompilerThread1    47108 7371   !   4       jdk.internal.loader.BuiltinClassLoader::findClassOnClassPathOrNull (64 bytes)

VM state:not at safepoint (normal execution)

VM Mutex/Monitor currently owned by a thread: None

Heap address: 0x0000000089200000, size: 1902 MB, Compressed Oops mode: 32-bit
Narrow klass base: 0x0000000000000000, Narrow klass shift: 3
Compressed class space size: 1073741824 Address: 0x0000000100000000

Heap:
 garbage-first heap   total 122880K, used 86033K [0x0000000089200000, 0x0000000100000000)
  region size 1024K, 50 young (51200K), 5 survivors (5120K)
 Metaspace       used 47321K, capacity 48421K, committed 48592K, reserved 1091584K
  class space    used 5403K, capacity 5881K, committed 5920K, reserved 1048576K
Heap Regions: E=young(eden), S=young(survivor), O=old, HS=humongous(starts), HC=humongous(continues), CS=collection set, F=free, A=archive, TAMS=top-at-mark-start (previous, next)
|   0|0x0000000089200000, 0x0000000089300000, 0x0000000089300000|100%| O|  |TAMS 0x0000000089300000, 0x0000000089200000| Untracked 
|   1|0x0000000089300000, 0x0000000089400000, 0x0000000089400000|100%| O|  |TAMS 0x0000000089400000, 0x0000000089300000| Untracked 
|   2|0x0000000089400000, 0x0000000089500000, 0x0000000089500000|100%| O|  |TAMS 0x0000000089500000, 0x0000000089400000| Untracked 
|   3|0x0000000089500000, 0x0000000089600000, 0x0000000089600000|100%| O|  |TAMS 0x0000000089600000, 0x0000000089500000| Untracked 
|   4|0x0000000089600000, 0x0000000089700000, 0x0000000089700000|100%| O|  |TAMS 0x0000000089700000, 0x0000000089600000| Untracked 
|   5|0x0000000089700000, 0x0000000089800000, 0x0000000089800000|100%| O|  |TAMS 0x0000000089800000, 0x0000000089700000| Untracked 
|   6|0x0000000089800000, 0x0000000089900000, 0x0000000089900000|100%| O|  |TAMS 0x0000000089900000, 0x0000000089800000| Untracked 
|   7|0x0000000089900000, 0x0000000089a00000, 0x0000000089a00000|100%|HS|  |TAMS 0x0000000089a00000, 0x0000000089900000| Complete 
|   8|0x0000000089a00000, 0x0000000089b00000, 0x0000000089b00000|100%|HC|  |TAMS 0x0000000089b00000, 0x0000000089a00000| Complete 
|   9|0x0000000089b00000, 0x0000000089c00000, 0x0000000089c00000|100%|HC|  |TAMS 0x0000000089c00000, 0x0000000089b00000| Complete 
|  10|0x0000000089c00000, 0x0000000089d00000, 0x0000000089d00000|100%|HC|  |TAMS 0x0000000089d00000, 0x0000000089c00000| Complete 
|  11|0x0000000089d00000, 0x0000000089e00000, 0x0000000089e00000|100%|HC|  |TAMS 0x0000000089e00000, 0x0000000089d00000| Complete 
|  12|0x0000000089e00000, 0x0000000089f00000, 0x0000000089f00000|100%| O|  |TAMS 0x0000000089f00000, 0x0000000089e00000| Untracked 
|  13|0x0000000089f00000, 0x000000008a000000, 0x000000008a000000|100%| O|  |TAMS 0x000000008a000000, 0x0000000089f00000| Untracked 
|  14|0x000000008a000000, 0x000000008a100000, 0x000000008a100000|100%| O|  |TAMS 0x000000008a035000, 0x000000008a000000| Untracked 
|  15|0x000000008a100000, 0x000000008a200000, 0x000000008a200000|100%| O|  |TAMS 0x000000008a100000, 0x000000008a100000| Untracked 
|  16|0x000000008a200000, 0x000000008a300000, 0x000000008a300000|100%| O|  |TAMS 0x000000008a200000, 0x000000008a200000| Untracked 
|  17|0x000000008a300000, 0x000000008a400000, 0x000000008a400000|100%| O|  |TAMS 0x000000008a300000, 0x000000008a300000| Untracked 
|  18|0x000000008a400000, 0x000000008a500000, 0x000000008a500000|100%| O|  |TAMS 0x000000008a400000, 0x000000008a400000| Untracked 
|  19|0x000000008a500000, 0x000000008a600000, 0x000000008a600000|100%|HS|  |TAMS 0x000000008a500000, 0x000000008a500000| Complete 
|  20|0x000000008a600000, 0x000000008a700000, 0x000000008a700000|100%|HC|  |TAMS 0x000000008a600000, 0x000000008a600000| Complete 
|  21|0x000000008a700000, 0x000000008a800000, 0x000000008a800000|100%|HC|  |TAMS 0x000000008a700000, 0x000000008a700000| Complete 
|  22|0x000000008a800000, 0x000000008a900000, 0x000000008a900000|100%|HC|  |TAMS 0x000000008a800000, 0x000000008a800000| Complete 
|  23|0x000000008a900000, 0x000000008aa00000, 0x000000008aa00000|100%|HC|  |TAMS 0x000000008a900000, 0x000000008a900000| Complete 
|  24|0x000000008aa00000, 0x000000008ab00000, 0x000000008ab00000|100%| O|  |TAMS 0x000000008aa00000, 0x000000008aa00000| Untracked 
|  25|0x000000008ab00000, 0x000000008ab26c00, 0x000000008ac00000| 15%| O|  |TAMS 0x000000008ab00000, 0x000000008ab00000| Untracked 
|  26|0x000000008ac00000, 0x000000008ad00000, 0x000000008ad00000|100%|HS|  |TAMS 0x000000008ac00000, 0x000000008ac00000| Complete 
|  27|0x000000008ad00000, 0x000000008ae00000, 0x000000008ae00000|100%|HC|  |TAMS 0x000000008ad00000, 0x000000008ad00000| Complete 
|  28|0x000000008ae00000, 0x000000008af00000, 0x000000008af00000|100%|HC|  |TAMS 0x000000008ae00000, 0x000000008ae00000| Complete 
|  29|0x000000008af00000, 0x000000008b000000, 0x000000008b000000|100%|HC|  |TAMS 0x000000008af00000, 0x000000008af00000| Complete 
|  30|0x000000008b000000, 0x000000008b100000, 0x000000008b100000|100%|HC|  |TAMS 0x000000008b000000, 0x000000008b000000| Complete 
|  31|0x000000008b100000, 0x000000008b200000, 0x000000008b200000|100%|HS|  |TAMS 0x000000008b100000, 0x000000008b100000| Complete 
|  32|0x000000008b200000, 0x000000008b300000, 0x000000008b300000|100%|HC|  |TAMS 0x000000008b200000, 0x000000008b200000| Complete 
|  33|0x000000008b300000, 0x000000008b400000, 0x000000008b400000|100%|HC|  |TAMS 0x000000008b300000, 0x000000008b300000| Complete 
|  34|0x000000008b400000, 0x000000008b500000, 0x000000008b500000|100%|HC|  |TAMS 0x000000008b400000, 0x000000008b400000| Complete 
|  35|0x000000008b500000, 0x000000008b600000, 0x000000008b600000|100%|HC|  |TAMS 0x000000008b500000, 0x000000008b500000| Complete 
|  36|0x000000008b600000, 0x000000008b600000, 0x000000008b700000|  0%| F|  |TAMS 0x000000008b600000, 0x000000008b600000| Untracked 
|  37|0x000000008b700000, 0x000000008b700000, 0x000000008b800000|  0%| F|  |TAMS 0x000000008b700000, 0x000000008b700000| Untracked 
|  38|0x000000008b800000, 0x000000008b800000, 0x000000008b900000|  0%| F|  |TAMS 0x000000008b800000, 0x000000008b800000| Untracked 
|  39|0x000000008b900000, 0x000000008b900000, 0x000000008ba00000|  0%| F|  |TAMS 0x000000008b900000, 0x000000008b900000| Untracked 
|  40|0x000000008ba00000, 0x000000008ba00000, 0x000000008bb00000|  0%| F|  |TAMS 0x000000008ba00000, 0x000000008ba00000| Untracked 
|  41|0x000000008bb00000, 0x000000008bb00000, 0x000000008bc00000|  0%| F|  |TAMS 0x000000008bb00000, 0x000000008bb00000| Untracked 
|  42|0x000000008bc00000, 0x000000008bc00000, 0x000000008bd00000|  0%| F|  |TAMS 0x000000008bc00000, 0x000000008bc00000| Untracked 
|  43|0x000000008bd00000, 0x000000008bd00000, 0x000000008be00000|  0%| F|  |TAMS 0x000000008bd00000, 0x000000008bd00000| Untracked 
|  44|0x000000008be00000, 0x000000008be00000, 0x000000008bf00000|  0%| F|  |TAMS 0x000000008be00000, 0x000000008be00000| Untracked 
|  45|0x000000008bf00000, 0x000000008bf00000, 0x000000008c000000|  0%| F|  |TAMS 0x000000008bf00000, 0x000000008bf00000| Untracked 
|  46|0x000000008c000000, 0x000000008c000000, 0x000000008c100000|  0%| F|  |TAMS 0x000000008c000000, 0x000000008c000000| Untracked 
|  47|0x000000008c100000, 0x000000008c100000, 0x000000008c200000|  0%| F|  |TAMS 0x000000008c100000, 0x000000008c100000| Untracked 
|  48|0x000000008c200000, 0x000000008c200000, 0x000000008c300000|  0%| F|  |TAMS 0x000000008c200000, 0x000000008c200000| Untracked 
|  49|0x000000008c300000, 0x000000008c300000, 0x000000008c400000|  0%| F|  |TAMS 0x000000008c300000, 0x000000008c300000| Untracked 
|  50|0x000000008c400000, 0x000000008c400000, 0x000000008c500000|  0%| F|  |TAMS 0x000000008c400000, 0x000000008c400000| Untracked 
|  51|0x000000008c500000, 0x000000008c500000, 0x000000008c600000|  0%| F|  |TAMS 0x000000008c500000, 0x000000008c500000| Untracked 
|  52|0x000000008c600000, 0x000000008c600000, 0x000000008c700000|  0%| F|  |TAMS 0x000000008c600000, 0x000000008c600000| Untracked 
|  53|0x000000008c700000, 0x000000008c700000, 0x000000008c800000|  0%| F|  |TAMS 0x000000008c700000, 0x000000008c700000| Untracked 
|  54|0x000000008c800000, 0x000000008c8dd840, 0x000000008c900000| 86%| S|CS|TAMS 0x000000008c800000, 0x000000008c800000| Complete 
|  55|0x000000008c900000, 0x000000008ca00000, 0x000000008ca00000|100%| S|CS|TAMS 0x000000008c900000, 0x000000008c900000| Complete 
|  56|0x000000008ca00000, 0x000000008cb00000, 0x000000008cb00000|100%| S|CS|TAMS 0x000000008ca00000, 0x000000008ca00000| Complete 
|  57|0x000000008cb00000, 0x000000008cc00000, 0x000000008cc00000|100%| S|CS|TAMS 0x000000008cb00000, 0x000000008cb00000| Complete 
|  58|0x000000008cc00000, 0x000000008cd00000, 0x000000008cd00000|100%| S|CS|TAMS 0x000000008cc00000, 0x000000008cc00000| Complete 
|  59|0x000000008cd00000, 0x000000008cd00000, 0x000000008ce00000|  0%| F|  |TAMS 0x000000008cd00000, 0x000000008cd00000| Untracked 
|  60|0x000000008ce00000, 0x000000008ce00000, 0x000000008cf00000|  0%| F|  |TAMS 0x000000008ce00000, 0x000000008ce00000| Untracked 
|  61|0x000000008cf00000, 0x000000008cf00000, 0x000000008d000000|  0%| F|  |TAMS 0x000000008cf00000, 0x000000008cf00000| Untracked 
|  62|0x000000008d000000, 0x000000008d000000, 0x000000008d100000|  0%| F|  |TAMS 0x000000008d000000, 0x000000008d000000| Untracked 
|  63|0x000000008d100000, 0x000000008d100000, 0x000000008d200000|  0%| F|  |TAMS 0x000000008d100000, 0x000000008d100000| Untracked 
|  64|0x000000008d200000, 0x000000008d200000, 0x000000008d300000|  0%| F|  |TAMS 0x000000008d200000, 0x000000008d200000| Untracked 
|  65|0x000000008d300000, 0x000000008d300000, 0x000000008d400000|  0%| F|  |TAMS 0x000000008d300000, 0x000000008d300000| Untracked 
|  66|0x000000008d400000, 0x000000008d400000, 0x000000008d500000|  0%| F|  |TAMS 0x000000008d400000, 0x000000008d400000| Untracked 
|  67|0x000000008d500000, 0x000000008d500000, 0x000000008d600000|  0%| F|  |TAMS 0x000000008d500000, 0x000000008d500000| Untracked 
|  68|0x000000008d600000, 0x000000008d600000, 0x000000008d700000|  0%| F|  |TAMS 0x000000008d600000, 0x000000008d600000| Untracked 
|  69|0x000000008d700000, 0x000000008d700000, 0x000000008d800000|  0%| F|  |TAMS 0x000000008d700000, 0x000000008d700000| Untracked 
|  70|0x000000008d800000, 0x000000008d800000, 0x000000008d900000|  0%| F|  |TAMS 0x000000008d800000, 0x000000008d800000| Untracked 
|  71|0x000000008d900000, 0x000000008d900000, 0x000000008da00000|  0%| F|  |TAMS 0x000000008d900000, 0x000000008d900000| Untracked 
|  72|0x000000008da00000, 0x000000008da00000, 0x000000008db00000|  0%| F|  |TAMS 0x000000008da00000, 0x000000008da00000| Untracked 
|  73|0x000000008db00000, 0x000000008db00000, 0x000000008dc00000|  0%| F|  |TAMS 0x000000008db00000, 0x000000008db00000| Untracked 
|  74|0x000000008dc00000, 0x000000008dc00000, 0x000000008dd00000|  0%| F|  |TAMS 0x000000008dc00000, 0x000000008dc00000| Untracked 
|  75|0x000000008dd00000, 0x000000008dd00800, 0x000000008de00000|  0%| E|  |TAMS 0x000000008dd00000, 0x000000008dd00000| Complete 
|  76|0x000000008de00000, 0x000000008df00000, 0x000000008df00000|100%| E|CS|TAMS 0x000000008de00000, 0x000000008de00000| Complete 
|  77|0x000000008df00000, 0x000000008e000000, 0x000000008e000000|100%| E|CS|TAMS 0x000000008df00000, 0x000000008df00000| Complete 
|  78|0x000000008e000000, 0x000000008e100000, 0x000000008e100000|100%| E|CS|TAMS 0x000000008e000000, 0x000000008e000000| Complete 
|  79|0x000000008e100000, 0x000000008e200000, 0x000000008e200000|100%| E|CS|TAMS 0x000000008e100000, 0x000000008e100000| Complete 
|  80|0x000000008e200000, 0x000000008e300000, 0x000000008e300000|100%| E|CS|TAMS 0x000000008e200000, 0x000000008e200000| Complete 
|  81|0x000000008e300000, 0x000000008e400000, 0x000000008e400000|100%| E|CS|TAMS 0x000000008e300000, 0x000000008e300000| Complete 
|  82|0x000000008e400000, 0x000000008e500000, 0x000000008e500000|100%| E|CS|TAMS 0x000000008e400000, 0x000000008e400000| Complete 
|  83|0x000000008e500000, 0x000000008e600000, 0x000000008e600000|100%| E|CS|TAMS 0x000000008e500000, 0x000000008e500000| Complete 
|  84|0x000000008e600000, 0x000000008e700000, 0x000000008e700000|100%| E|CS|TAMS 0x000000008e600000, 0x000000008e600000| Complete 
|  85|0x000000008e700000, 0x000000008e800000, 0x000000008e800000|100%| E|CS|TAMS 0x000000008e700000, 0x000000008e700000| Complete 
|  86|0x000000008e800000, 0x000000008e900000, 0x000000008e900000|100%| E|CS|TAMS 0x000000008e800000, 0x000000008e800000| Complete 
|  87|0x000000008e900000, 0x000000008ea00000, 0x000000008ea00000|100%| E|CS|TAMS 0x000000008e900000, 0x000000008e900000| Complete 
|  88|0x000000008ea00000, 0x000000008eb00000, 0x000000008eb00000|100%| E|CS|TAMS 0x000000008ea00000, 0x000000008ea00000| Complete 
|  89|0x000000008eb00000, 0x000000008ec00000, 0x000000008ec00000|100%| E|CS|TAMS 0x000000008eb00000, 0x000000008eb00000| Complete 
|  90|0x000000008ec00000, 0x000000008ed00000, 0x000000008ed00000|100%| E|CS|TAMS 0x000000008ec00000, 0x000000008ec00000| Complete 
|  91|0x000000008ed00000, 0x000000008ee00000, 0x000000008ee00000|100%| E|CS|TAMS 0x000000008ed00000, 0x000000008ed00000| Complete 
|  92|0x000000008ee00000, 0x000000008ef00000, 0x000000008ef00000|100%| E|CS|TAMS 0x000000008ee00000, 0x000000008ee00000| Complete 
|  93|0x000000008ef00000, 0x000000008f000000, 0x000000008f000000|100%| E|CS|TAMS 0x000000008ef00000, 0x000000008ef00000| Complete 
|  94|0x000000008f000000, 0x000000008f100000, 0x000000008f100000|100%| E|CS|TAMS 0x000000008f000000, 0x000000008f000000| Complete 
|  95|0x000000008f100000, 0x000000008f200000, 0x000000008f200000|100%| E|CS|TAMS 0x000000008f100000, 0x000000008f100000| Complete 
|  96|0x000000008f200000, 0x000000008f300000, 0x000000008f300000|100%| E|CS|TAMS 0x000000008f200000, 0x000000008f200000| Complete 
|  97|0x000000008f300000, 0x000000008f400000, 0x000000008f400000|100%| E|CS|TAMS 0x000000008f300000, 0x000000008f300000| Complete 
|  98|0x000000008f400000, 0x000000008f500000, 0x000000008f500000|100%| E|CS|TAMS 0x000000008f400000, 0x000000008f400000| Complete 
|  99|0x000000008f500000, 0x000000008f600000, 0x000000008f600000|100%| E|CS|TAMS 0x000000008f500000, 0x000000008f500000| Complete 
| 100|0x000000008f600000, 0x000000008f700000, 0x000000008f700000|100%| E|CS|TAMS 0x000000008f600000, 0x000000008f600000| Complete 
| 101|0x000000008f700000, 0x000000008f800000, 0x000000008f800000|100%| E|CS|TAMS 0x000000008f700000, 0x000000008f700000| Complete 
| 102|0x000000008f800000, 0x000000008f900000, 0x000000008f900000|100%| E|CS|TAMS 0x000000008f800000, 0x000000008f800000| Complete 
| 103|0x000000008f900000, 0x000000008fa00000, 0x000000008fa00000|100%| E|CS|TAMS 0x000000008f900000, 0x000000008f900000| Complete 
| 104|0x000000008fa00000, 0x000000008fb00000, 0x000000008fb00000|100%| E|CS|TAMS 0x000000008fa00000, 0x000000008fa00000| Complete 
| 105|0x000000008fb00000, 0x000000008fc00000, 0x000000008fc00000|100%| E|CS|TAMS 0x000000008fb00000, 0x000000008fb00000| Complete 
| 106|0x000000008fc00000, 0x000000008fd00000, 0x000000008fd00000|100%| E|CS|TAMS 0x000000008fc00000, 0x000000008fc00000| Complete 
| 107|0x000000008fd00000, 0x000000008fe00000, 0x000000008fe00000|100%| E|CS|TAMS 0x000000008fd00000, 0x000000008fd00000| Complete 
| 108|0x000000008fe00000, 0x000000008ff00000, 0x000000008ff00000|100%| E|CS|TAMS 0x000000008fe00000, 0x000000008fe00000| Complete 
| 109|0x000000008ff00000, 0x0000000090000000, 0x0000000090000000|100%| E|CS|TAMS 0x000000008ff00000, 0x000000008ff00000| Complete 
| 110|0x0000000090000000, 0x0000000090100000, 0x0000000090100000|100%| E|CS|TAMS 0x0000000090000000, 0x0000000090000000| Complete 
| 111|0x0000000090100000, 0x0000000090200000, 0x0000000090200000|100%| E|CS|TAMS 0x0000000090100000, 0x0000000090100000| Complete 
| 112|0x0000000090200000, 0x0000000090300000, 0x0000000090300000|100%| E|CS|TAMS 0x0000000090200000, 0x0000000090200000| Complete 
| 113|0x0000000090300000, 0x0000000090400000, 0x0000000090400000|100%| E|CS|TAMS 0x0000000090300000, 0x0000000090300000| Complete 
| 114|0x0000000090400000, 0x0000000090500000, 0x0000000090500000|100%| E|CS|TAMS 0x0000000090400000, 0x0000000090400000| Complete 
| 115|0x0000000090500000, 0x0000000090600000, 0x0000000090600000|100%| E|CS|TAMS 0x0000000090500000, 0x0000000090500000| Complete 
| 116|0x0000000090600000, 0x0000000090700000, 0x0000000090700000|100%| E|CS|TAMS 0x0000000090600000, 0x0000000090600000| Complete 
| 117|0x0000000090700000, 0x0000000090800000, 0x0000000090800000|100%| E|CS|TAMS 0x0000000090700000, 0x0000000090700000| Complete 
| 118|0x0000000090800000, 0x0000000090900000, 0x0000000090900000|100%| E|CS|TAMS 0x0000000090800000, 0x0000000090800000| Complete 
| 119|0x0000000090900000, 0x0000000090a00000, 0x0000000090a00000|100%| E|CS|TAMS 0x0000000090900000, 0x0000000090900000| Complete 

Card table byte_map: [0x000001abfb070000,0x000001abfb430000] _byte_map_base: 0x000001abfac27000

Marking Bits (Prev, Next): (CMBitMap*) 0x000001abfab04aa8, (CMBitMap*) 0x000001abfab04ae0
 Prev Bits: [0x000001abfb7f0000, 0x000001abfd5a8000)
 Next Bits: [0x000001abfd5b0000, 0x000001abff368000)

Polling page: 0x000001abf8a60000

Metaspace:

Usage:
  Non-class:     41.54 MB capacity,    40.94 MB ( 99%) used,   490.26 KB (  1%) free+waste,   131.94 KB ( <1%) overhead. 
      Class:      5.74 MB capacity,     5.28 MB ( 92%) used,   411.89 KB (  7%) free+waste,    65.81 KB (  1%) overhead. 
       Both:     47.29 MB capacity,    46.21 MB ( 98%) used,   902.15 KB (  2%) free+waste,   197.75 KB ( <1%) overhead. 

Virtual space:
  Non-class space:       42.00 MB reserved,      41.67 MB (>99%) committed 
      Class space:        1.00 GB reserved,       5.78 MB ( <1%) committed 
             Both:        1.04 GB reserved,      47.45 MB (  4%) committed 

Chunk freelists:
   Non-Class:  512 bytes
       Class:  896 bytes
        Both:  1.38 KB

CodeHeap 'non-profiled nmethods': size=120064Kb used=3778Kb max_used=3778Kb free=116285Kb
 bounds [0x000001ab8f090000, 0x000001ab8f450000, 0x000001ab965d0000]
CodeHeap 'profiled nmethods': size=120000Kb used=17058Kb max_used=17058Kb free=102941Kb
 bounds [0x000001ab87b60000, 0x000001ab88c10000, 0x000001ab8f090000]
CodeHeap 'non-nmethods': size=5696Kb used=1250Kb max_used=1293Kb free=4445Kb
 bounds [0x000001ab875d0000, 0x000001ab87840000, 0x000001ab87b60000]
 total_blobs=7983 nmethods=7353 adapters=541
 compilation: enabled
              stopped_count=0, restarted_count=0
 full_count=0

Compilation events (10 events):
Event: 47.054 Thread 0x000001abffbad800 7389       3       io.netty.buffer.AbstractByteBuf::readerIndex (25 bytes)
Event: 47.054 Thread 0x000001abffbad800 nmethod 7389 0x000001ab88c07290 code [0x000001ab88c07440, 0x000001ab88c07658]
Event: 47.054 Thread 0x000001abffbad800 7390       1       com.google.common.io.FileBackedOutputStream::asByteSource (5 bytes)
Event: 47.054 Thread 0x000001abffbad800 nmethod 7390 0x000001ab8f440290 code [0x000001ab8f440420, 0x000001ab8f4404d8]
Event: 47.054 Thread 0x000001abffbad800 7391       1       com.google.common.io.FileBackedOutputStream$MemoryOutput::getBuffer (5 bytes)
Event: 47.054 Thread 0x000001abffbad800 nmethod 7391 0x000001ab8f440590 code [0x000001ab8f440720, 0x000001ab8f4407d8]
Event: 47.054 Thread 0x000001abffbad800 7392       3       org.asynchttpclient.uri.UriParser::findWithinCurrentRange (27 bytes)
Event: 47.055 Thread 0x000001abffbad800 nmethod 7392 0x000001ab88c07710 code [0x000001ab88c078e0, 0x000001ab88c07c38]
Event: 47.055 Thread 0x000001abffbad800 7393       3       io.netty.util.concurrent.DefaultPromise::trySuccess (6 bytes)
Event: 47.055 Thread 0x000001abffbad800 nmethod 7393 0x000001ab88c07d90 code [0x000001ab88c07f40, 0x000001ab88c08128]

GC Heap History (10 events):
Event: 25.127 GC heap before
{Heap before GC invocations=13 (full 0):
 garbage-first heap   total 122880K, used 100507K [0x0000000089200000, 0x0000000100000000)
  region size 1024K, 68 young (69632K), 4 survivors (4096K)
 Metaspace       used 46726K, capacity 47793K, committed 48080K, reserved 1091584K
  class space    used 5394K, capacity 5866K, committed 5920K, reserved 1048576K
}
Event: 25.132 GC heap after
{Heap after GC invocations=14 (full 0):
 garbage-first heap   total 122880K, used 34971K [0x0000000089200000, 0x0000000100000000)
  region size 1024K, 4 young (4096K), 4 survivors (4096K)
 Metaspace       used 46726K, capacity 47793K, committed 48080K, reserved 1091584K
  class space    used 5394K, capacity 5866K, committed 5920K, reserved 1048576K
}
Event: 42.724 GC heap before
{Heap before GC invocations=14 (full 0):
 garbage-first heap   total 122880K, used 106651K [0x0000000089200000, 0x0000000100000000)
  region size 1024K, 69 young (70656K), 4 survivors (4096K)
 Metaspace       used 47035K, capacity 48136K, committed 48336K, reserved 1091584K
  class space    used 5398K, capacity 5873K, committed 5920K, reserved 1048576K
}
Event: 42.730 GC heap after
{Heap after GC invocations=15 (full 0):
 garbage-first heap   total 122880K, used 40865K [0x0000000089200000, 0x0000000100000000)
  region size 1024K, 5 young (5120K), 5 survivors (5120K)
 Metaspace       used 47035K, capacity 48136K, committed 48336K, reserved 1091584K
  class space    used 5398K, capacity 5873K, committed 5920K, reserved 1048576K
}
Event: 43.045 GC heap before
{Heap before GC invocations=15 (full 0):
 garbage-first heap   total 122880K, used 102305K [0x0000000089200000, 0x0000000100000000)
  region size 1024K, 65 young (66560K), 5 survivors (5120K)
 Metaspace       used 47048K, capacity 48201K, committed 48336K, reserved 1091584K
  class space    used 5398K, capacity 5873K, committed 5920K, reserved 1048576K
}
Event: 43.051 GC heap after
{Heap after GC invocations=16 (full 0):
 garbage-first heap   total 122880K, used 40956K [0x0000000089200000, 0x0000000100000000)
  region size 1024K, 5 young (5120K), 5 survivors (5120K)
 Metaspace       used 47048K, capacity 48201K, committed 48336K, reserved 1091584K
  class space    used 5398K, capacity 5873K, committed 5920K, reserved 1048576K
}
Event: 46.455 GC heap before
{Heap before GC invocations=16 (full 0):
 garbage-first heap   total 122880K, used 103420K [0x0000000089200000, 0x0000000100000000)
  region size 1024K, 66 young (67584K), 5 survivors (5120K)
 Metaspace       used 47223K, capacity 48355K, committed 48592K, reserved 1091584K
  class space    used 5402K, capacity 5881K, committed 5920K, reserved 1048576K
}
Event: 46.460 GC heap after
{Heap after GC invocations=17 (full 0):
 garbage-first heap   total 122880K, used 40971K [0x0000000089200000, 0x0000000100000000)
  region size 1024K, 5 young (5120K), 5 survivors (5120K)
 Metaspace       used 47223K, capacity 48355K, committed 48592K, reserved 1091584K
  class space    used 5402K, capacity 5881K, committed 5920K, reserved 1048576K
}
Event: 46.833 GC heap before
{Heap before GC invocations=17 (full 0):
 garbage-first heap   total 122880K, used 103435K [0x0000000089200000, 0x0000000100000000)
  region size 1024K, 66 young (67584K), 5 survivors (5120K)
 Metaspace       used 47300K, capacity 48421K, committed 48592K, reserved 1091584K
  class space    used 5402K, capacity 5881K, committed 5920K, reserved 1048576K
}
Event: 46.838 GC heap after
{Heap after GC invocations=18 (full 0):
 garbage-first heap   total 122880K, used 40977K [0x0000000089200000, 0x0000000100000000)
  region size 1024K, 5 young (5120K), 5 survivors (5120K)
 Metaspace       used 47300K, capacity 48421K, committed 48592K, reserved 1091584K
  class space    used 5402K, capacity 5881K, committed 5920K, reserved 1048576K
}

Deoptimization events (10 events):
Event: 20.851 Thread 0x000001abfaac9800 Uncommon trap: reason=profile_predicate action=maybe_recompile pc=0x000001ab8f2f4390 method=org.apache.poi.openxml4j.opc.PackagePartName.compare(Ljava/lang/String;Ljava/lang/String;)I @ 68 c2
Event: 20.851 Thread 0x000001abfaac9800 Uncommon trap: reason=profile_predicate action=maybe_recompile pc=0x000001ab8f2f4390 method=org.apache.poi.openxml4j.opc.PackagePartName.compare(Ljava/lang/String;Ljava/lang/String;)I @ 68 c2
Event: 20.851 Thread 0x000001abfaac9800 Uncommon trap: reason=profile_predicate action=maybe_recompile pc=0x000001ab8f2f4390 method=org.apache.poi.openxml4j.opc.PackagePartName.compare(Ljava/lang/String;Ljava/lang/String;)I @ 68 c2
Event: 20.911 Thread 0x000001abfaac9800 Uncommon trap: reason=predicate action=maybe_recompile pc=0x000001ab8f2f8bbc method=org.apache.poi.openxml4j.opc.PackagePartName.compare(Ljava/lang/String;Ljava/lang/String;)I @ 68 c2
Event: 24.882 Thread 0x000001abfaac9800 Uncommon trap: reason=class_check action=make_not_entrant pc=0x000001ab8f37dcd0 method=java.util.ArrayList.toArray([Ljava/lang/Object;)[Ljava/lang/Object; @ 21 c2
Event: 24.906 Thread 0x000001abfaac9800 Uncommon trap: reason=intrinsic_or_type_checked_inlining action=make_not_entrant pc=0x000001ab8f386a10 method=java.util.ArrayList.toArray([Ljava/lang/Object;)[Ljava/lang/Object; @ 36 c2
Event: 25.064 Thread 0x000001abfaac9800 Uncommon trap: reason=intrinsic_or_type_checked_inlining action=make_not_entrant pc=0x000001ab8f397768 method=java.util.ArrayList$SubList.toArray([Ljava/lang/Object;)[Ljava/lang/Object; @ 58 c2
Event: 42.854 Thread 0x000001abfaac9800 Uncommon trap: reason=class_check action=maybe_recompile pc=0x000001ab8f2eddcc method=org.apache.xmlbeans.impl.store.CharUtil.getString(Ljava/lang/Object;II)Ljava/lang/String; @ 55 c2
Event: 46.404 Thread 0x000001abfaac9800 Uncommon trap: reason=class_check action=maybe_recompile pc=0x000001ab8f2eddcc method=org.apache.xmlbeans.impl.store.CharUtil.getString(Ljava/lang/Object;II)Ljava/lang/String; @ 55 c2
Event: 46.482 Thread 0x000001abfaac9800 Uncommon trap: reason=class_check action=maybe_recompile pc=0x000001ab8f2eddcc method=org.apache.xmlbeans.impl.store.CharUtil.getString(Ljava/lang/Object;II)Ljava/lang/String; @ 55 c2

Classes redefined (0 events):
No events

Internal exceptions (10 events):
Event: 21.715 Thread 0x000001ab9a5ca000 Exception <a 'java/net/ConnectException'{0x000000008ed0fc68}: Connection refused: connect> (0x000000008ed0fc68) thrown at [./open/src/hotspot/share/prims/jni.cpp, line 632]
Event: 21.771 Thread 0x000001ab9a5ca000 Exception <a 'java/net/ConnectException'{0x000000008ed10b68}: Connection refused: connect> (0x000000008ed10b68) thrown at [./open/src/hotspot/share/prims/jni.cpp, line 632]
Event: 39.553 Thread 0x000001ab9f0bf800 Exception <a 'java/io/IOException'{0x000000008ebc36c8}> (0x000000008ebc36c8) thrown at [./open/src/hotspot/share/prims/jni.cpp, line 611]
Event: 39.747 Thread 0x000001ab9a5ca000 Exception <a 'java/net/ConnectException'{0x000000008ebe8a78}: Connection refused: connect> (0x000000008ebe8a78) thrown at [./open/src/hotspot/share/prims/jni.cpp, line 632]
Event: 39.888 Thread 0x000001ab9a5ca000 Exception <a 'java/net/ConnectException'{0x000000008ebe9a18}: Connection refused: connect> (0x000000008ebe9a18) thrown at [./open/src/hotspot/share/prims/jni.cpp, line 632]
Event: 39.904 Thread 0x000001ab9a5ca000 Exception <a 'java/net/ConnectException'{0x000000008ebea998}: Connection refused: connect> (0x000000008ebea998) thrown at [./open/src/hotspot/share/prims/jni.cpp, line 632]
Event: 43.449 Thread 0x000001ab9f0c1800 Exception <a 'java/io/IOException'{0x000000008e4c1158}> (0x000000008e4c1158) thrown at [./open/src/hotspot/share/prims/jni.cpp, line 611]
Event: 43.632 Thread 0x000001ab9a5ca000 Exception <a 'java/net/ConnectException'{0x000000008e4e1df8}: Connection refused: connect> (0x000000008e4e1df8) thrown at [./open/src/hotspot/share/prims/jni.cpp, line 632]
Event: 43.763 Thread 0x000001ab9a5ca000 Exception <a 'java/net/ConnectException'{0x000000008e4e2d98}: Connection refused: connect> (0x000000008e4e2d98) thrown at [./open/src/hotspot/share/prims/jni.cpp, line 632]
Event: 43.791 Thread 0x000001ab9a5ca000 Exception <a 'java/net/ConnectException'{0x000000008e201088}: Connection refused: connect> (0x000000008e201088) thrown at [./open/src/hotspot/share/prims/jni.cpp, line 632]

Events (10 events):
Event: 47.017 loading class org/apache/xerces/util/SecurityManager
Event: 47.017 loading class org/apache/xerces/util/SecurityManager done
Event: 47.018 loading class org/apache/xerces/util/SecurityManager
Event: 47.018 loading class org/apache/xerces/util/SecurityManager done
Event: 47.019 loading class org/apache/xerces/util/SecurityManager
Event: 47.019 loading class org/apache/xerces/util/SecurityManager done
Event: 47.020 loading class org/apache/xerces/util/SecurityManager
Event: 47.020 loading class org/apache/xerces/util/SecurityManager done
Event: 47.037 Executing VM operation: RevokeBias
Event: 47.037 Executing VM operation: RevokeBias done


Dynamic libraries:
0x00007ff7909c0000 - 0x00007ff7909cf000 	C:\Program Files\Java\jdk-11.0.16.1\bin\java.exe
0x00007ffea8c50000 - 0x00007ffea8e48000 	C:\Windows\SYSTEM32\ntdll.dll
0x00007ffea8b20000 - 0x00007ffea8bdf000 	C:\Windows\System32\KERNEL32.DLL
0x00007ffea6420000 - 0x00007ffea66f2000 	C:\Windows\System32\KERNELBASE.dll
0x00007ffea67d0000 - 0x00007ffea68d0000 	C:\Windows\System32\ucrtbase.dll
0x00007ffe9e6a0000 - 0x00007ffe9e6b5000 	C:\Program Files\Java\jdk-11.0.16.1\bin\VCRUNTIME140.dll
0x00007ffe9e760000 - 0x00007ffe9e778000 	C:\Program Files\Java\jdk-11.0.16.1\bin\jli.dll
0x00007ffea7b00000 - 0x00007ffea7bae000 	C:\Windows\System32\ADVAPI32.dll
0x00007ffea7bb0000 - 0x00007ffea7c4e000 	C:\Windows\System32\msvcrt.dll
0x00007ffea6ed0000 - 0x00007ffea6f6c000 	C:\Windows\System32\sechost.dll
0x00007ffea6fe0000 - 0x00007ffea7105000 	C:\Windows\System32\RPCRT4.dll
0x00007ffea8210000 - 0x00007ffea83b1000 	C:\Windows\System32\USER32.dll
0x00007ffea6340000 - 0x00007ffea6362000 	C:\Windows\System32\win32u.dll
0x00007ffea8be0000 - 0x00007ffea8c0b000 	C:\Windows\System32\GDI32.dll
0x00007ffe9a1b0000 - 0x00007ffe9a44a000 	C:\Windows\WinSxS\amd64_microsoft.windows.common-controls_6595b64144ccf1df_6.0.19041.1110_none_60b5254171f9507e\COMCTL32.dll
0x00007ffea6a30000 - 0x00007ffea6b3f000 	C:\Windows\System32\gdi32full.dll
0x00007ffea6700000 - 0x00007ffea679d000 	C:\Windows\System32\msvcp_win.dll
0x00007ffe9c420000 - 0x00007ffe9c42a000 	C:\Windows\SYSTEM32\VERSION.dll
0x00007ffea6f80000 - 0x00007ffea6fb2000 	C:\Windows\System32\IMM32.DLL
0x00007ffe8d2f0000 - 0x00007ffe8d38b000 	C:\Program Files\Java\jdk-11.0.16.1\bin\msvcp140.dll
0x00007ffe39890000 - 0x00007ffe3a3a8000 	C:\Program Files\Java\jdk-11.0.16.1\bin\server\jvm.dll
0x00007ffea6f70000 - 0x00007ffea6f78000 	C:\Windows\System32\PSAPI.DLL
0x00007ffea1d30000 - 0x00007ffea1d39000 	C:\Windows\SYSTEM32\WSOCK32.dll
0x00007ffea83d0000 - 0x00007ffea843b000 	C:\Windows\System32\WS2_32.dll
0x00007ffe9c3f0000 - 0x00007ffe9c417000 	C:\Windows\SYSTEM32\WINMM.dll
0x00007ffea41e0000 - 0x00007ffea41f2000 	C:\Windows\SYSTEM32\kernel.appcore.dll
0x00007ffe9ff90000 - 0x00007ffe9ffa0000 	C:\Program Files\Java\jdk-11.0.16.1\bin\verify.dll
0x00007ffe9ae40000 - 0x00007ffe9b024000 	C:\Windows\SYSTEM32\DBGHELP.DLL
0x00007ffe9a890000 - 0x00007ffe9a8c5000 	C:\Windows\SYSTEM32\dbgcore.DLL
0x00007ffea6c00000 - 0x00007ffea6c82000 	C:\Windows\System32\bcryptPrimitives.dll
0x00007ffe9e580000 - 0x00007ffe9e5a8000 	C:\Program Files\Java\jdk-11.0.16.1\bin\java.dll
0x00007ffe9e750000 - 0x00007ffe9e75a000 	C:\Program Files\Java\jdk-11.0.16.1\bin\jimage.dll
0x00007ffe9ff40000 - 0x00007ffe9ff4e000 	C:\Program Files\Java\jdk-11.0.16.1\bin\instrument.dll
0x00007ffe9e640000 - 0x00007ffe9e656000 	C:\Program Files\Java\jdk-11.0.16.1\bin\zip.dll
0x00007ffea71e0000 - 0x00007ffea7924000 	C:\Windows\System32\SHELL32.dll
0x00007ffea4400000 - 0x00007ffea4b92000 	C:\Windows\SYSTEM32\windows.storage.dll
0x00007ffea8550000 - 0x00007ffea88a5000 	C:\Windows\System32\combase.dll
0x00007ffea5da0000 - 0x00007ffea5dd0000 	C:\Windows\SYSTEM32\Wldp.dll
0x00007ffea6cf0000 - 0x00007ffea6d9d000 	C:\Windows\System32\SHCORE.dll
0x00007ffea88b0000 - 0x00007ffea8905000 	C:\Windows\System32\shlwapi.dll
0x00007ffea6280000 - 0x00007ffea629f000 	C:\Windows\SYSTEM32\profapi.dll
0x00007ffe9e3c0000 - 0x00007ffe9e3d9000 	C:\Program Files\Java\jdk-11.0.16.1\bin\net.dll
0x00007ffea0d20000 - 0x00007ffea0e2c000 	C:\Windows\SYSTEM32\WINHTTP.dll
0x00007ffea5b00000 - 0x00007ffea5b6a000 	C:\Windows\system32\mswsock.dll
0x00007ffe9a6c0000 - 0x00007ffe9a6d2000 	C:\Program Files\Java\jdk-11.0.16.1\bin\nio.dll
0x00007ffe9ff20000 - 0x00007ffe9ff3a000 	C:\Program Files\JetBrains\IntelliJ IDEA Community Edition 2022.2.3\bin\breakgen64.dll
0x00007ffea5cf0000 - 0x00007ffea5d08000 	C:\Windows\SYSTEM32\CRYPTSP.dll
0x00007ffea53b0000 - 0x00007ffea53e4000 	C:\Windows\system32\rsaenh.dll
0x00007ffea67a0000 - 0x00007ffea67c7000 	C:\Windows\System32\bcrypt.dll
0x00007ffea6200000 - 0x00007ffea622e000 	C:\Windows\SYSTEM32\USERENV.dll
0x00007ffea5d10000 - 0x00007ffea5d1c000 	C:\Windows\SYSTEM32\CRYPTBASE.dll
0x00007ffea57a0000 - 0x00007ffea57db000 	C:\Windows\SYSTEM32\IPHLPAPI.DLL
0x00007ffea83c0000 - 0x00007ffea83c8000 	C:\Windows\System32\NSI.dll
0x00007ffe9dbc0000 - 0x00007ffe9dbd7000 	C:\Windows\SYSTEM32\dhcpcsvc6.DLL
0x00007ffe9deb0000 - 0x00007ffe9decd000 	C:\Windows\SYSTEM32\dhcpcsvc.DLL
0x00007ffea57e0000 - 0x00007ffea58aa000 	C:\Windows\SYSTEM32\DNSAPI.dll
0x00007ffea3810000 - 0x00007ffea3819000 	C:\Program Files\Java\jdk-11.0.16.1\bin\management.dll
0x00007ffea3800000 - 0x00007ffea380b000 	C:\Program Files\Java\jdk-11.0.16.1\bin\management_ext.dll
0x00007ffe903f0000 - 0x00007ffe90407000 	C:\Windows\system32\napinsp.dll
0x00007ffe903d0000 - 0x00007ffe903eb000 	C:\Windows\system32\pnrpnsp.dll
0x00007ffe9f2a0000 - 0x00007ffe9f2b5000 	C:\Windows\system32\wshbth.dll
0x00007ffea18a0000 - 0x00007ffea18bd000 	C:\Windows\system32\NLAapi.dll
0x00007ffe902a0000 - 0x00007ffe902b2000 	C:\Windows\System32\winrnr.dll
0x0000000053060000 - 0x0000000053086000 	C:\Program Files\Bonjour\mdnsNSP.dll
0x00007ffe9fb40000 - 0x00007ffe9fb4a000 	C:\Windows\System32\rasadhlp.dll
0x00007ffe9d740000 - 0x00007ffe9d7c0000 	C:\Windows\System32\fwpuclnt.dll
0x00007ffea3b10000 - 0x00007ffea3ba1000 	C:\Windows\system32\apphelp.dll
0x00007ffe9ff10000 - 0x00007ffe9ff1d000 	C:\Program Files\Java\jdk-11.0.16.1\bin\sunmscapi.dll
0x00007ffea68d0000 - 0x00007ffea6a26000 	C:\Windows\System32\CRYPT32.dll
0x00007ffea5e10000 - 0x00007ffea5e37000 	C:\Windows\SYSTEM32\ncrypt.dll
0x00007ffea5dd0000 - 0x00007ffea5e0b000 	C:\Windows\SYSTEM32\NTASN1.dll
0x00007ffe963d0000 - 0x00007ffe963f5000 	C:\Program Files\Java\jdk-11.0.16.1\bin\sunec.dll

dbghelp: loaded successfully - version: 4.0.5 - missing functions: none
symbol engine: initialized successfully - sym options: 0x614 - pdb path: .;C:\Program Files\Java\jdk-11.0.16.1\bin;C:\Windows\SYSTEM32;C:\Windows\WinSxS\amd64_microsoft.windows.common-controls_6595b64144ccf1df_6.0.19041.1110_none_60b5254171f9507e;C:\Program Files\Java\jdk-11.0.16.1\bin\server;C:\Program Files\JetBrains\IntelliJ IDEA Community Edition 2022.2.3\bin;C:\Program Files\Bonjour

VM Arguments:
jvm_args: -ea -Didea.test.cyclic.buffer.size=1048576 -javaagent:C:\Program Files\JetBrains\IntelliJ IDEA Community Edition 2022.2.3\lib\idea_rt.jar=52988:C:\Program Files\JetBrains\IntelliJ IDEA Community Edition 2022.2.3\bin -Dfile.encoding=UTF-8 
java_command: com.intellij.rt.testng.RemoteTestNGStarter -usedefaultlisteners false -socket52987 @w@C:\Users\MYASUS~1\AppData\Local\Temp\idea_working_dirs_testng4.tmp -temp C:\Users\MYASUS~1\AppData\Local\Temp\idea_testng8.tmp
java_class_path (initial): C:\Program Files\JetBrains\IntelliJ IDEA Community Edition 2022.2.3\lib\idea_rt.jar;C:\Program Files\JetBrains\IntelliJ IDEA Community Edition 2022.2.3\plugins\testng\lib\testng-rt.jar;C:\Users\My Asus\java_project\Final_Project_Automation_Framework_Ecommerce_magneto\target\test-classes;C:\Users\My Asus\java_project\Final_Project_Automation_Framework_Ecommerce_magneto\target\classes;C:\Users\My Asus\.m2\repository\com\googlecode\json-simple\json-simple\1.1.1\json-simple-1.1.1.jar;C:\Users\My Asus\.m2\repository\junit\junit\4.10\junit-4.10.jar;C:\Users\My Asus\.m2\repository\org\hamcrest\hamcrest-core\1.1\hamcrest-core-1.1.jar;C:\Users\My Asus\.m2\repository\org\testng\testng\6.14.3\testng-6.14.3.jar;C:\Users\My Asus\.m2\repository\com\beust\jcommander\1.72\jcommander-1.72.jar;C:\Users\My Asus\.m2\repository\org\apache-extras\beanshell\bsh\2.0b6\bsh-2.0b6.jar;C:\Users\My Asus\.m2\repository\org\seleniumhq\selenium\selenium-java\4.6.0\selenium-java-4.6.0.jar;C:\Users\My Asus\.m2\repository\org\seleniumhq\selenium\selenium-api\4.6.0\selenium-api-4.6.0.jar;C:\Users\My Asus\.m2\repository\org\seleniumhq\selenium\selenium-chrome-driver\4.6.0\selenium-chrome-driver-4.6.0.jar;C:\Users\My Asus\.m2\repository\com\google\auto\service\auto-service-annotations\1.0.1\auto-service-annotations-1.0.1.jar;C:\Users\My Asus\.m2\repository\com\google\auto\service\auto-service\1.0.1\auto-service-1.0.1.jar;C:\Users\My Asus\.m2\repository\com\google\auto\auto-common\1.2\auto-common-1.2.jar;C:\Users\My Asus\.m2\repository\com\google\guava\guava\31.1-jre\guava-31.1-jre.jar;C:\Users\My Asus\.m2\repository\com\google\guava\failureaccess\1.0.1\failureaccess-1.0.1.jar;C:\Users\My Asus\.m2\repository\com\google\guava\listenablefuture\9999.0-empty-to-avoid-conflict-with-guava\listenablefuture-9999.0-empty-to-avoid-conflict-with-guava.jar;C:\Users\My Asus\.m2\repository\com\google\code\findbugs\jsr305\3.0.2\jsr305-3.0.2.jar;C:\Users\My Asus\.m2\repository\org\checkerfra
Launcher Type: SUN_STANDARD

[Global flags]
     intx CICompilerCount                          = 3                                         {product} {ergonomic}
     uint ConcGCThreads                            = 2                                         {product} {ergonomic}
     uint G1ConcRefinementThreads                  = 6                                         {product} {ergonomic}
   size_t G1HeapRegionSize                         = 1048576                                   {product} {ergonomic}
    uintx GCDrainStackTargetSize                   = 64                                        {product} {ergonomic}
   size_t InitialHeapSize                          = 125829120                                 {product} {ergonomic}
   size_t MarkStackSize                            = 4194304                                   {product} {ergonomic}
   size_t MaxHeapSize                              = 1994391552                                {product} {ergonomic}
   size_t MaxNewSize                               = 1196425216                                {product} {ergonomic}
   size_t MinHeapDeltaBytes                        = 1048576                                   {product} {ergonomic}
    uintx NonNMethodCodeHeapSize                   = 5830732                                {pd product} {ergonomic}
    uintx NonProfiledCodeHeapSize                  = 122913754                              {pd product} {ergonomic}
    uintx ProfiledCodeHeapSize                     = 122913754                              {pd product} {ergonomic}
    uintx ReservedCodeCacheSize                    = 251658240                              {pd product} {ergonomic}
     bool SegmentedCodeCache                       = true                                      {product} {ergonomic}
     bool UseCompressedClassPointers               = true                                 {lp64_product} {ergonomic}
     bool UseCompressedOops                        = true                                 {lp64_product} {ergonomic}
     bool UseG1GC                                  = true                                      {product} {ergonomic}
     bool UseLargePagesIndividualAllocation        = false                                  {pd product} {ergonomic}

Logging:
Log output configuration:
 #0: stdout all=warning uptime,level,tags
 #1: stderr all=off uptime,level,tags

Environment Variables:
PATH=C:\Program Files\Common Files\Oracle\Java\javapath;C:\Windows\system32;C:\Windows;C:\Windows\System32\Wbem;C:\Windows\System32\WindowsPowerShell\v1.0\;C:\Windows\System32\OpenSSH\;C:\Program Files\Git\cmd;C:\apache-maven-3.8.6-bin\apache-maven-3.8.6\bin;C:\Program Files\MySQL\MySQL Server 8.0\bin;C:\Program Files\nodejs\;C:\Users\My Asus\AppData\Local\Programs\Python\Python310\Scripts\;C:\Users\My Asus\AppData\Local\Programs\Python\Python310\;C:\Users\My Asus\AppData\Local\Microsoft\WindowsApps;;C:\Users\My Asus\AppData\Local\Programs\Microsoft VS Code\bin;C:\Users\My Asus\AppData\Roaming\npm
USERNAME=My Asus
OS=Windows_NT
PROCESSOR_IDENTIFIER=AMD64 Family 23 Model 96 Stepping 1, AuthenticAMD



---------------  S Y S T E M  ---------------

OS: Windows 10 , 64 bit Build 19041 (10.0.19041.2364)

CPU:total 6 (initial active 6) (6 cores per cpu, 1 threads per core) family 23 model 96 stepping 1 microcode 0x0, cmov, cx8, fxsr, mmx, sse, sse2, sse3, ssse3, sse4.1, sse4.2, popcnt, avx, avx2, aes, clmul, mmxext, 3dnowpref, lzcnt, sse4a, tsc, tscinvbit, tscinv, bmi1, bmi2, adx, sha, 

Memory: 4k page, system-wide physical 7600M (442M free)
TotalPageFile size 31152M (AvailPageFile size 6M)
current process WorkingSet (physical memory assigned to process): 244M, peak: 279M
current process commit charge ("private bytes"): 357M, peak: 360M

vm_info: Java HotSpot(TM) 64-Bit Server VM (11.0.16.1+1-LTS-1) for windows-amd64 JRE (11.0.16.1+1-LTS-1), built on Aug 16 2022 01:46:01 by "mach5one" with MS VC++ 15.9 (VS2017)

END.
